<?xml version="1.0" encoding="UTF-8"?>
<testng-results ignored="0" total="5" passed="5" failed="0" skipped="0">
  <reporter-output>
  </reporter-output>
  <suite started-at="2019-10-29T14:49:31Z" name="Default suite" finished-at="2019-10-29T14:49:52Z" duration-ms="20423">
    <groups>
    </groups>
    <test started-at="2019-10-29T14:49:31Z" name="Default test" finished-at="2019-10-29T14:49:52Z" duration-ms="20423">
      <class name="tests.acceptedConditions">
        <test-method is-config="true" signature="setupWebDriver()[pri:0, instance:tests.acceptedConditions@2ee48610]" started-at="2019-10-29T14:49:27Z" name="setupWebDriver" finished-at="2019-10-29T14:49:31Z" duration-ms="4470" status="PASS">
          <reporter-output>
          </reporter-output>
        </test-method> <!-- setupWebDriver -->
        <test-method signature="displayProperPlaceholder()[pri:0, instance:tests.acceptedConditions@2ee48610]" started-at="2019-10-29T14:49:31Z" name="displayProperPlaceholder" finished-at="2019-10-29T14:49:38Z" duration-ms="6488" status="PASS">
          <reporter-output>
          </reporter-output>
        </test-method> <!-- displayProperPlaceholder -->
        <test-method signature="displayProperSearchResult()[pri:1, instance:tests.acceptedConditions@2ee48610]" started-at="2019-10-29T14:49:38Z" name="displayProperSearchResult" finished-at="2019-10-29T14:49:41Z" duration-ms="3060" status="PASS">
          <reporter-output>
          </reporter-output>
        </test-method> <!-- displayProperSearchResult -->
        <test-method signature="displayProperUrlForSearchResult()[pri:2, instance:tests.acceptedConditions@2ee48610]" started-at="2019-10-29T14:49:41Z" name="displayProperUrlForSearchResult" finished-at="2019-10-29T14:49:43Z" duration-ms="2093" status="PASS">
          <reporter-output>
          </reporter-output>
        </test-method> <!-- displayProperUrlForSearchResult -->
        <test-method signature="openTheSelectedRepo()[pri:3, instance:tests.acceptedConditions@2ee48610]" started-at="2019-10-29T14:49:43Z" name="openTheSelectedRepo" finished-at="2019-10-29T14:49:47Z" duration-ms="4282" status="PASS">
          <reporter-output>
          </reporter-output>
        </test-method> <!-- openTheSelectedRepo -->
        <test-method signature="checkingRepoDetails()[pri:4, instance:tests.acceptedConditions@2ee48610]" started-at="2019-10-29T14:49:47Z" name="checkingRepoDetails" finished-at="2019-10-29T14:49:52Z" duration-ms="4421" status="PASS">
          <reporter-output>
          </reporter-output>
        </test-method> <!-- checkingRepoDetails -->
        <test-method is-config="true" signature="tearDownTest()[pri:0, instance:tests.acceptedConditions@2ee48610]" started-at="2019-10-29T14:49:52Z" name="tearDownTest" finished-at="2019-10-29T14:49:52Z" duration-ms="312" status="PASS">
          <reporter-output>
          </reporter-output>
        </test-method> <!-- tearDownTest -->
      </class> <!-- tests.acceptedConditions -->
    </test> <!-- Default test -->
  </suite> <!-- Default suite -->
</testng-results>
