<?xml version="1.0" encoding="UTF-8"?>
<!-- Generated by org.testng.reporters.JUnitXMLReporter -->
<testsuite ignored="0" hostname="baraas-Air" failures="0" tests="5" name="Default test" time="20.423" errors="0" timestamp="29 Oct 2019 14:49:52 GMT">
  <testcase classname="tests.acceptedConditions" name="displayProperPlaceholder" time="6.488"/>
  <testcase classname="tests.acceptedConditions" name="displayProperSearchResult" time="3.06"/>
  <testcase classname="tests.acceptedConditions" name="displayProperUrlForSearchResult" time="2.093"/>
  <testcase classname="tests.acceptedConditions" name="openTheSelectedRepo" time="4.282"/>
  <testcase classname="tests.acceptedConditions" name="checkingRepoDetails" time="4.421"/>
</testsuite> <!-- Default test -->
